<?xml version="1.0" encoding="UTF-8"?>
<testng-results skipped="0" failed="0" total="1" passed="1">
  <reporter-output>
  </reporter-output>
  <suite name="Default suite" duration-ms="377" started-at="2020-06-16T08:19:51Z" finished-at="2020-06-16T08:19:51Z">
    <groups>
      <group name="cucumber">
        <method signature="AbstractTestNGCucumberTests.feature(cucumber.api.testng.CucumberFeatureWrapper)[pri:0, instance:runner.Runner@3bfdc050]" name="feature" class="cucumber.api.testng.AbstractTestNGCucumberTests"/>
      </group> <!-- cucumber -->
    </groups>
    <test name="Default test" duration-ms="377" started-at="2020-06-16T08:19:51Z" finished-at="2020-06-16T08:19:51Z">
      <class name="runner.Runner">
        <test-method status="PASS" signature="setUpClass()[pri:0, instance:runner.Runner@3bfdc050]" name="setUpClass" is-config="true" duration-ms="205" started-at="2020-06-16T13:49:51Z" finished-at="2020-06-16T13:49:51Z">
          <reporter-output>
          </reporter-output>
        </test-method> <!-- setUpClass -->
        <test-method status="PASS" signature="feature(cucumber.api.testng.CucumberFeatureWrapper)[pri:0, instance:runner.Runner@3bfdc050]" name="feature" duration-ms="96" started-at="2020-06-16T13:49:51Z" description="Runs Cucumber Feature" data-provider="features" finished-at="2020-06-16T13:49:51Z">
          <params>
            <param index="0">
              <value>
                <![CDATA[Testing the Login feature of Actitime Application]]>
              </value>
            </param>
          </params>
          <reporter-output>
          </reporter-output>
        </test-method> <!-- feature -->
        <test-method status="PASS" signature="tearDownClass()[pri:0, instance:runner.Runner@3bfdc050]" name="tearDownClass" is-config="true" duration-ms="3" started-at="2020-06-16T13:49:51Z" finished-at="2020-06-16T13:49:51Z">
          <reporter-output>
          </reporter-output>
        </test-method> <!-- tearDownClass -->
      </class> <!-- runner.Runner -->
    </test> <!-- Default test -->
  </suite> <!-- Default suite -->
</testng-results>
